00:59:31.720 [main] INFO  resources.base - Starting...@AfterTest HomePageTest
00:59:31.784 [main] INFO  resources.base - Ending...@AfterTest HomePageTest
01:01:58.093 [main] INFO  resources.base - Starting beforeTest for NavigationBarTest..
01:01:58.988 [main] INFO  resources.base - initialized driver for NavigationBarTest...
01:02:24.898 [main] INFO  resources.base - opening url for for NavigationBarTest..
01:02:24.899 [main] INFO  resources.base - Ending beforeTest for NavigationBarTest..
01:02:25.037 [main] INFO  resources.base - successfully validated NavigationBarTest..
01:02:25.043 [main] INFO  resources.base - Starting...@AfterTest NavigationBarTest
01:02:25.108 [main] INFO  resources.base - Ending...@AfterTest NavigationBarTest
01:02:25.365 [main] INFO  resources.base - Starting beforeTest for ValidateTitleTest..
01:02:26.145 [main] INFO  resources.base - initialized driver for ValidateTitleTest...
01:02:43.991 [main] INFO  resources.base - opening url for for ValidateTitleTest..
01:02:43.992 [main] INFO  resources.base - Ending beforeTest for ValidateTitleTest..
01:02:44.107 [main] INFO  resources.base - successfully validated ValidateTitleTest..
01:02:44.108 [main] INFO  resources.base - Starting...@AfterTest ValidateTitleTest
01:02:44.157 [main] INFO  resources.base - Ending...@AfterTest ValidateTitleTest
01:02:44.186 [main] INFO  resources.base - Starting beforeTest for HomePageTest..
01:02:44.839 [main] INFO  resources.base - initialized driver...
01:02:44.839 [main] INFO  resources.base - Ending beforeTest for HomePageTest..
01:02:44.845 [main] INFO  resources.base - Opening url HomePageTest
01:03:03.049 [main] INFO  resources.base - Navigated to URL HomePageTest
01:03:05.094 [main] INFO  resources.base - Restricted user
01:03:05.211 [main] INFO  resources.base - successfully validated last step in homePageLogin test
01:03:05.214 [main] INFO  resources.base - Opening url HomePageTest
01:03:21.862 [main] INFO  resources.base - Navigated to URL HomePageTest
01:03:32.371 [main] INFO  resources.base - Starting...@AfterTest HomePageTest
01:03:32.421 [main] INFO  resources.base - Ending...@AfterTest HomePageTest
00:47:52.690 [main] INFO  resources.base - Starting beforeTest for NavigationBarTest..
00:47:55.982 [main] INFO  resources.base - initialized driver for NavigationBarTest...
00:48:15.931 [main] INFO  resources.base - opening url for for NavigationBarTest..
00:48:15.931 [main] INFO  resources.base - Ending beforeTest for NavigationBarTest..
00:48:16.101 [main] INFO  resources.base - successfully validated NavigationBarTest..
00:48:16.105 [main] INFO  resources.base - Starting...@AfterTest NavigationBarTest
00:48:16.174 [main] INFO  resources.base - Ending...@AfterTest NavigationBarTest
00:48:16.452 [main] INFO  resources.base - Starting beforeTest for ValidateTitleTest..
00:48:17.793 [main] INFO  resources.base - initialized driver for ValidateTitleTest...
00:48:29.566 [main] INFO  resources.base - opening url for for ValidateTitleTest..
00:48:29.566 [main] INFO  resources.base - Ending beforeTest for ValidateTitleTest..
00:48:29.726 [main] INFO  resources.base - successfully validated ValidateTitleTest..
00:48:29.727 [main] INFO  resources.base - Starting...@AfterTest ValidateTitleTest
00:48:29.777 [main] INFO  resources.base - Ending...@AfterTest ValidateTitleTest
00:48:29.804 [main] INFO  resources.base - Starting beforeTest for HomePageTest..
00:48:31.132 [main] INFO  resources.base - initialized driver...
00:48:31.132 [main] INFO  resources.base - Ending beforeTest for HomePageTest..
00:48:31.136 [main] INFO  resources.base - Opening url HomePageTest
00:49:04.873 [main] INFO  resources.base - Navigated to URL HomePageTest
00:49:05.555 [main] INFO  resources.base - Restricted user
00:49:05.699 [main] INFO  resources.base - successfully validated last step in homePageLogin test
00:49:05.700 [main] INFO  resources.base - Opening url HomePageTest
00:49:22.074 [main] INFO  resources.base - Navigated to URL HomePageTest
00:49:32.425 [main] INFO  resources.base - Starting...@AfterTest HomePageTest
00:49:32.489 [main] INFO  resources.base - Ending...@AfterTest HomePageTest
